Using pre-set license
Built from '2020.3/release' branch; Version is '2020.3.12f1 (b3b2c6512326) revision 11776710'; Using compiler version '192528614'; Build Type 'Release'
OS: 'Windows 10 Pro; OS build 19042.1052; Version 2009; 64bit' Language: 'ru' Physical Memory: 3994 MB
BatchMode: 1, IsHumanControllingUs: 0, StartBugReporterOnCrash: 0, Is64bit: 1, IsPro: 0

 COMMAND LINE ARGUMENTS:
D:\NEED\Unity\2020.3.12f1\Editor\Unity.exe
-adb2
-batchMode
-noUpm
-name
AssetImportWorker40
-projectPath
D:/Tetris practice/Tetris/Tetromino
-logFile
Logs/AssetImportWorker40.log
-srvPort
55733
Successfully changed project path to: D:/Tetris practice/Tetris/Tetromino
D:/Tetris practice/Tetris/Tetromino
Using Asset Import Pipeline V2.
Refreshing native plugins compatible for Editor in 747.77 ms, found 3 plugins.
Preloading 0 native plugins for Editor in 0.00 ms.
Initialize engine version: 2020.3.12f1 (b3b2c6512326)
[Subsystems] Discovering subsystems at path D:/NEED/Unity/2020.3.12f1/Editor/Data/Resources/UnitySubsystems
[Subsystems] Discovering subsystems at path D:/Tetris practice/Tetris/Tetromino/Assets
GfxDevice: creating device client; threaded=0
Direct3D:
    Version:  Direct3D 11.0 [level 11.1]
    Renderer: AMD Radeon (TM) R7 M340 (ID=0x6900)
    Vendor:   
    VRAM:     2038 MB
    Driver:   27.20.1034.6
Initialize mono
Mono path[0] = 'D:/NEED/Unity/2020.3.12f1/Editor/Data/Managed'
Mono path[1] = 'D:/NEED/Unity/2020.3.12f1/Editor/Data/MonoBleedingEdge/lib/mono/unityjit'
Mono config path = 'D:/NEED/Unity/2020.3.12f1/Editor/Data/MonoBleedingEdge/etc'
Using monoOptions --debugger-agent=transport=dt_socket,embedding=1,server=y,suspend=n,address=127.0.0.1:56696
Begin MonoManager ReloadAssembly
Registering precompiled unity dll's ...
Register platform support module: D:/NEED/Unity/2020.3.12f1/Editor/Data/PlaybackEngines/WebGLSupport/UnityEditor.WebGL.Extensions.dll
Register platform support module: D:/NEED/Unity/2020.3.12f1/Editor/Data/PlaybackEngines/WindowsStandaloneSupport/UnityEditor.WindowsStandalone.Extensions.dll
Registered in 0.002352 seconds.
Native extension for WindowsStandalone target not found
Native extension for WebGL target not found
Refreshing native plugins compatible for Editor in 711.14 ms, found 3 plugins.
Preloading 0 native plugins for Editor in 0.00 ms.
Mono: successfully reloaded assembly
- Completed reload, in 13.003 seconds
Platform modules already initialized, skipping
Registering precompiled user dll's ...
Registered in 0.006258 seconds.
Begin MonoManager ReloadAssembly
Native extension for WindowsStandalone target not found
Native extension for WebGL target not found
Refreshing native plugins compatible for Editor in 73.91 ms, found 3 plugins.
Preloading 0 native plugins for Editor in 0.00 ms.
Mono: successfully reloaded assembly
- Completed reload, in  2.441 seconds
Platform modules already initialized, skipping
========================================================================
Worker process is ready to serve import requests
Launched and connected shader compiler UnityShaderCompiler.exe after 0.21 seconds
Refreshing native plugins compatible for Editor in 5.33 ms, found 3 plugins.
Preloading 0 native plugins for Editor in 0.00 ms.
Unloading 2081 Unused Serialized files (Serialized files now loaded: 0)
System memory in use before: 92.8 MB.
System memory in use after: 92.8 MB.

Unloading 33 unused Assets to reduce memory usage. Loaded Objects now: 2514.
Total: 105.065000 ms (FindLiveObjects: 4.361200 ms CreateObjectMapping: 0.684000 ms MarkObjects: 96.482500 ms  DeleteObjects: 3.527200 ms)

AssetImportParameters requested are different than current active one (requested -> active):
  custom:framework-win-MediaFoundation: 216162199b28c13a410421893ffa2e32 -> 
  custom:video-decoder-ogg-theora: a1e56fd34408186e4bbccfd4996cb3dc -> 
  custom:container-muxer-webm: aa71ff27fc2769a1b78a27578f13a17b -> 
  custom:container-demuxer-webm: 4f35f7cbe854078d1ac9338744f61a02 -> 
  custom:container-demuxer-ogg: 62fdf1f143b41e24485cea50d1cbac27 -> 
  custom:video-encoder-webm-vp8: eb34c28f22e8b96e1ab97ce403110664 -> 
  custom:video-decoder-webm-vp8: 9c59270c3fd7afecdb556c50c9e8de78 -> 
  custom:audio-decoder-ogg-vorbis: bf7c407c2cedff20999df2af8eb42d56 -> 
  custom:audio-encoder-webm-vorbis: bf7c407c2cedff20999df2af8eb42d56 -> 
========================================================================
Received Import Request.
  path: Assets/Sprites/Square 1.png
  artifactKey: Guid(3d4fd4cf17502dd4bb1192e93e4cbebd) Importer(815301076,1909f56bfc062723c751e8b465ee728b)
Start importing Assets/Sprites/Square 1.png using Guid(3d4fd4cf17502dd4bb1192e93e4cbebd) Importer(815301076,1909f56bfc062723c751e8b465ee728b)  -> (artifact id: '47813dc1b576a471a6ea953c165c0442') in 2.043649 seconds 
  Import took 2.087191 seconds .

========================================================================
Received Import Request.
  Time since last request: 0.002811 seconds.
  path: Assets/Sprites/T.png
  artifactKey: Guid(86b7e966f41414e4fb46db3607b60102) Importer(815301076,1909f56bfc062723c751e8b465ee728b)
Start importing Assets/Sprites/T.png using Guid(86b7e966f41414e4fb46db3607b60102) Importer(815301076,1909f56bfc062723c751e8b465ee728b)  -> (artifact id: '92ff0e67714ebca792559a315278c76f') in 0.723906 seconds 
  Import took 0.762430 seconds .

========================================================================
Received Prepare
Registering precompiled user dll's ...
Registered in 0.073374 seconds.
Begin MonoManager ReloadAssembly
Native extension for WindowsStandalone target not found
Native extension for WebGL target not found
Refreshing native plugins compatible for Editor in 3.95 ms, found 3 plugins.
Preloading 0 native plugins for Editor in 0.00 ms.
Mono: successfully reloaded assembly
- Completed reload, in  7.711 seconds
Platform modules already initialized, skipping
Refreshing native plugins compatible for Editor in 2.49 ms, found 3 plugins.
Preloading 0 native plugins for Editor in 0.00 ms.
Unloading 2076 Unused Serialized files (Serialized files now loaded: 0)
System memory in use before: 95.7 MB.
System memory in use after: 95.7 MB.

Unloading 21 unused Assets to reduce memory usage. Loaded Objects now: 2524.
Total: 54.302400 ms (FindLiveObjects: 32.029600 ms CreateObjectMapping: 1.297900 ms MarkObjects: 20.023500 ms  DeleteObjects: 0.941700 ms)

AssetImportParameters requested are different than current active one (requested -> active):
  custom:framework-win-MediaFoundation: 216162199b28c13a410421893ffa2e32 -> 
  custom:video-decoder-ogg-theora: a1e56fd34408186e4bbccfd4996cb3dc -> 
  custom:container-muxer-webm: aa71ff27fc2769a1b78a27578f13a17b -> 
  custom:container-demuxer-webm: 4f35f7cbe854078d1ac9338744f61a02 -> 
  custom:container-demuxer-ogg: 62fdf1f143b41e24485cea50d1cbac27 -> 
  custom:video-encoder-webm-vp8: eb34c28f22e8b96e1ab97ce403110664 -> 
  custom:video-decoder-webm-vp8: 9c59270c3fd7afecdb556c50c9e8de78 -> 
  custom:audio-decoder-ogg-vorbis: bf7c407c2cedff20999df2af8eb42d56 -> 
  custom:audio-encoder-webm-vorbis: bf7c407c2cedff20999df2af8eb42d56 -> 
========================================================================
Received Import Request.
  Time since last request: 2290.703324 seconds.
  path: Assets/Prefabs
  artifactKey: Guid(a6d2df397fffb624cb9587cc2677b373) Importer(815301076,1909f56bfc062723c751e8b465ee728b)
Start importing Assets/Prefabs using Guid(a6d2df397fffb624cb9587cc2677b373) Importer(815301076,1909f56bfc062723c751e8b465ee728b)  -> (artifact id: 'f58d381e0a09dae85a9fab953ed44bcf') in 0.108956 seconds 
  Import took 0.169560 seconds .

========================================================================
Received Import Request.
  Time since last request: 12.168820 seconds.
  path: Assets/Prefabs/Tmino.prefab
  artifactKey: Guid(6767ca7fee9345040b89da587ff8e5ef) Importer(815301076,1909f56bfc062723c751e8b465ee728b)
Start importing Assets/Prefabs/Tmino.prefab using Guid(6767ca7fee9345040b89da587ff8e5ef) Importer(815301076,1909f56bfc062723c751e8b465ee728b)  -> (artifact id: '7437f0951aeed89185c07aff6d936688') in 0.905928 seconds 
  Import took 0.969205 seconds .

========================================================================
Received Import Request.
  Time since last request: 2.498562 seconds.
  path: Assets/Prefabs/Omino.prefab
  artifactKey: Guid(fbb34653754241a49b967c61612d124f) Importer(815301076,1909f56bfc062723c751e8b465ee728b)
Start importing Assets/Prefabs/Omino.prefab using Guid(fbb34653754241a49b967c61612d124f) Importer(815301076,1909f56bfc062723c751e8b465ee728b)  -> (artifact id: 'd7f4f9ea934ceafd5072e0620298e8e7') in 0.183861 seconds 
  Import took 0.240802 seconds .

========================================================================
Received Import Request.
  Time since last request: 2.207905 seconds.
  path: Assets/Prefabs/Imino.prefab
  artifactKey: Guid(a8bf91fe4a4c0a844886eb6ffd46206a) Importer(815301076,1909f56bfc062723c751e8b465ee728b)
Start importing Assets/Prefabs/Imino.prefab using Guid(a8bf91fe4a4c0a844886eb6ffd46206a) Importer(815301076,1909f56bfc062723c751e8b465ee728b)  -> (artifact id: '150bdf63439b27e114412a7137c60f65') in 0.182003 seconds 
  Import took 0.253030 seconds .

========================================================================
Received Import Request.
  Time since last request: 2.469240 seconds.
  path: Assets/Prefabs/Jmino.prefab
  artifactKey: Guid(deba731af8daaf948ab8f9deb62b6ed2) Importer(815301076,1909f56bfc062723c751e8b465ee728b)
Start importing Assets/Prefabs/Jmino.prefab using Guid(deba731af8daaf948ab8f9deb62b6ed2) Importer(815301076,1909f56bfc062723c751e8b465ee728b)  -> (artifact id: '7f281026a6ef3f6a01af1974632d7737') in 0.179262 seconds 
  Import took 0.240439 seconds .

========================================================================
Received Import Request.
  Time since last request: 3.880950 seconds.
  path: Assets/Prefabs/Lmino.prefab
  artifactKey: Guid(30ae5e114217fc54c8056fb7edae2e67) Importer(815301076,1909f56bfc062723c751e8b465ee728b)
Start importing Assets/Prefabs/Lmino.prefab using Guid(30ae5e114217fc54c8056fb7edae2e67) Importer(815301076,1909f56bfc062723c751e8b465ee728b)  -> (artifact id: 'fcaaf1ce00bf9a5e4d9832e3dfb40143') in 0.184423 seconds 
  Import took 0.233436 seconds .

========================================================================
Received Import Request.
  Time since last request: 295.826882 seconds.
  path: Assets/Prefabs/Smino.prefab
  artifactKey: Guid(016387447e15a194abbdab7526166792) Importer(815301076,1909f56bfc062723c751e8b465ee728b)
Start importing Assets/Prefabs/Smino.prefab using Guid(016387447e15a194abbdab7526166792) Importer(815301076,1909f56bfc062723c751e8b465ee728b)  -> (artifact id: '0f0f65c54bcd70e216c76a921c4e52e6') in 0.270157 seconds 
  Import took 0.367182 seconds .

========================================================================
Received Import Request.
  Time since last request: 0.054275 seconds.
  path: Assets/Prefabs/Smino.prefab
  artifactKey: Guid(016387447e15a194abbdab7526166792) Importer(815301076,1909f56bfc062723c751e8b465ee728b)
Start importing Assets/Prefabs/Smino.prefab using Guid(016387447e15a194abbdab7526166792) Importer(815301076,1909f56bfc062723c751e8b465ee728b)  -> (artifact id: '0f0f65c54bcd70e216c76a921c4e52e6') in 0.162856 seconds 
  Import took 0.244925 seconds .

========================================================================
Received Import Request.
  Time since last request: 1.966658 seconds.
  path: Assets/Prefabs/Zmino.prefab
  artifactKey: Guid(4437ca460dd51e5449e85cc28dc404be) Importer(815301076,1909f56bfc062723c751e8b465ee728b)
Start importing Assets/Prefabs/Zmino.prefab using Guid(4437ca460dd51e5449e85cc28dc404be) Importer(815301076,1909f56bfc062723c751e8b465ee728b)  -> (artifact id: '74f235dba5f9c83ce5f232ddcc96ef19') in 0.184267 seconds 
  Import took 0.233083 seconds .

========================================================================
Received Import Request.
  Time since last request: 310.534010 seconds.
  path: Assets/Scripts
  artifactKey: Guid(c62cb4324bd94c44dba371fdc7240172) Importer(815301076,1909f56bfc062723c751e8b465ee728b)
Start importing Assets/Scripts using Guid(c62cb4324bd94c44dba371fdc7240172) Importer(815301076,1909f56bfc062723c751e8b465ee728b)  -> (artifact id: 'f2769bc5dbda0eea1ec7c8daeca3d0b7') in 0.119554 seconds 
  Import took 0.166454 seconds .

========================================================================
Received Prepare
Registering precompiled user dll's ...
Registered in 0.050225 seconds.
Begin MonoManager ReloadAssembly
Native extension for WindowsStandalone target not found
Native extension for WebGL target not found
Refreshing native plugins compatible for Editor in 2.74 ms, found 3 plugins.
Preloading 0 native plugins for Editor in 0.00 ms.
Mono: successfully reloaded assembly
- Completed reload, in 13.203 seconds
Platform modules already initialized, skipping
Refreshing native plugins compatible for Editor in 4.49 ms, found 3 plugins.
Preloading 0 native plugins for Editor in 0.00 ms.
Unloading 2077 Unused Serialized files (Serialized files now loaded: 0)
System memory in use before: 95.9 MB.
System memory in use after: 95.9 MB.

Unloading 21 unused Assets to reduce memory usage. Loaded Objects now: 2533.
Total: 19.337700 ms (FindLiveObjects: 0.951700 ms CreateObjectMapping: 0.556600 ms MarkObjects: 17.054500 ms  DeleteObjects: 0.766800 ms)

AssetImportParameters requested are different than current active one (requested -> active):
  custom:framework-win-MediaFoundation: 216162199b28c13a410421893ffa2e32 -> 
  custom:video-decoder-ogg-theora: a1e56fd34408186e4bbccfd4996cb3dc -> 
  custom:container-muxer-webm: aa71ff27fc2769a1b78a27578f13a17b -> 
  custom:container-demuxer-webm: 4f35f7cbe854078d1ac9338744f61a02 -> 
  custom:container-demuxer-ogg: 62fdf1f143b41e24485cea50d1cbac27 -> 
  custom:video-encoder-webm-vp8: eb34c28f22e8b96e1ab97ce403110664 -> 
  custom:video-decoder-webm-vp8: 9c59270c3fd7afecdb556c50c9e8de78 -> 
  custom:audio-decoder-ogg-vorbis: bf7c407c2cedff20999df2af8eb42d56 -> 
  custom:audio-encoder-webm-vorbis: bf7c407c2cedff20999df2af8eb42d56 -> 
========================================================================
Received Import Request.
  Time since last request: 39.912077 seconds.
  path: Assets/Scripts/Begin.cs
  artifactKey: Guid(b3defbf882c2bf44eab7b9a8c00e048e) Importer(815301076,1909f56bfc062723c751e8b465ee728b)
Start importing Assets/Scripts/Begin.cs using Guid(b3defbf882c2bf44eab7b9a8c00e048e) Importer(815301076,1909f56bfc062723c751e8b465ee728b)  -> (artifact id: 'fb79fdcadc5946519fdf7551b268bf72') in 0.137771 seconds 
  Import took 0.173118 seconds .

========================================================================
Received Prepare
Registering precompiled user dll's ...
Registered in 0.032407 seconds.
Begin MonoManager ReloadAssembly
Native extension for WindowsStandalone target not found
Native extension for WebGL target not found
Refreshing native plugins compatible for Editor in 0.90 ms, found 3 plugins.
Preloading 0 native plugins for Editor in 0.00 ms.
Mono: successfully reloaded assembly
- Completed reload, in 18.985 seconds
Platform modules already initialized, skipping
Refreshing native plugins compatible for Editor in 4.54 ms, found 3 plugins.
Preloading 0 native plugins for Editor in 0.00 ms.
Unloading 2077 Unused Serialized files (Serialized files now loaded: 0)
System memory in use before: 95.9 MB.
System memory in use after: 95.9 MB.

Unloading 21 unused Assets to reduce memory usage. Loaded Objects now: 2537.
Total: 101.003200 ms (FindLiveObjects: 34.807000 ms CreateObjectMapping: 1.114800 ms MarkObjects: 62.844900 ms  DeleteObjects: 2.225500 ms)

AssetImportParameters requested are different than current active one (requested -> active):
  custom:framework-win-MediaFoundation: 216162199b28c13a410421893ffa2e32 -> 
  custom:video-decoder-ogg-theora: a1e56fd34408186e4bbccfd4996cb3dc -> 
  custom:container-muxer-webm: aa71ff27fc2769a1b78a27578f13a17b -> 
  custom:container-demuxer-webm: 4f35f7cbe854078d1ac9338744f61a02 -> 
  custom:container-demuxer-ogg: 62fdf1f143b41e24485cea50d1cbac27 -> 
  custom:video-encoder-webm-vp8: eb34c28f22e8b96e1ab97ce403110664 -> 
  custom:video-decoder-webm-vp8: 9c59270c3fd7afecdb556c50c9e8de78 -> 
  custom:audio-decoder-ogg-vorbis: bf7c407c2cedff20999df2af8eb42d56 -> 
  custom:audio-encoder-webm-vorbis: bf7c407c2cedff20999df2af8eb42d56 -> 
========================================================================
Received Prepare
Registering precompiled user dll's ...
Registered in 0.042954 seconds.
Begin MonoManager ReloadAssembly
Native extension for WindowsStandalone target not found
Native extension for WebGL target not found
Refreshing native plugins compatible for Editor in 2.62 ms, found 3 plugins.
Preloading 0 native plugins for Editor in 0.00 ms.
Mono: successfully reloaded assembly
- Completed reload, in 10.467 seconds
Platform modules already initialized, skipping
Refreshing native plugins compatible for Editor in 2.81 ms, found 3 plugins.
Preloading 0 native plugins for Editor in 0.00 ms.
Unloading 2077 Unused Serialized files (Serialized files now loaded: 0)
System memory in use before: 95.9 MB.
System memory in use after: 95.9 MB.

Unloading 21 unused Assets to reduce memory usage. Loaded Objects now: 2541.
Total: 21.462500 ms (FindLiveObjects: 1.019800 ms CreateObjectMapping: 0.744700 ms MarkObjects: 18.689300 ms  DeleteObjects: 1.000300 ms)

AssetImportParameters requested are different than current active one (requested -> active):
  custom:framework-win-MediaFoundation: 216162199b28c13a410421893ffa2e32 -> 
  custom:video-decoder-ogg-theora: a1e56fd34408186e4bbccfd4996cb3dc -> 
  custom:container-muxer-webm: aa71ff27fc2769a1b78a27578f13a17b -> 
  custom:container-demuxer-webm: 4f35f7cbe854078d1ac9338744f61a02 -> 
  custom:container-demuxer-ogg: 62fdf1f143b41e24485cea50d1cbac27 -> 
  custom:video-encoder-webm-vp8: eb34c28f22e8b96e1ab97ce403110664 -> 
  custom:video-decoder-webm-vp8: 9c59270c3fd7afecdb556c50c9e8de78 -> 
  custom:audio-decoder-ogg-vorbis: bf7c407c2cedff20999df2af8eb42d56 -> 
  custom:audio-encoder-webm-vorbis: bf7c407c2cedff20999df2af8eb42d56 -> 
========================================================================
Received Import Request.
  Time since last request: 496.130505 seconds.
  path: Assets/Scripts/Block.cs
  artifactKey: Guid(ffea6155cbc9b3b4db9fc875fa1e4f26) Importer(815301076,1909f56bfc062723c751e8b465ee728b)
Start importing Assets/Scripts/Block.cs using Guid(ffea6155cbc9b3b4db9fc875fa1e4f26) Importer(815301076,1909f56bfc062723c751e8b465ee728b)  -> (artifact id: 'd26e4d84362a076d7a184a0ba0bb9b1f') in 0.091972 seconds 
  Import took 0.131315 seconds .

========================================================================
Received Import Request.
  Time since last request: 0.166032 seconds.
  path: Assets/Scripts/Block.cs
  artifactKey: Guid(ffea6155cbc9b3b4db9fc875fa1e4f26) Importer(815301076,1909f56bfc062723c751e8b465ee728b)
Start importing Assets/Scripts/Block.cs using Guid(ffea6155cbc9b3b4db9fc875fa1e4f26) Importer(815301076,1909f56bfc062723c751e8b465ee728b)  -> (artifact id: 'd26e4d84362a076d7a184a0ba0bb9b1f') in 0.039180 seconds 
  Import took 0.085179 seconds .

========================================================================
Received Prepare
Registering precompiled user dll's ...
Registered in 0.018909 seconds.
Begin MonoManager ReloadAssembly
Native extension for WindowsStandalone target not found
Native extension for WebGL target not found
Refreshing native plugins compatible for Editor in 0.92 ms, found 3 plugins.
Preloading 0 native plugins for Editor in 0.00 ms.
Mono: successfully reloaded assembly
- Completed reload, in 11.419 seconds
Platform modules already initialized, skipping
Refreshing native plugins compatible for Editor in 4.51 ms, found 3 plugins.
Preloading 0 native plugins for Editor in 0.00 ms.
Unloading 2077 Unused Serialized files (Serialized files now loaded: 0)
System memory in use before: 95.9 MB.
System memory in use after: 95.9 MB.

Unloading 21 unused Assets to reduce memory usage. Loaded Objects now: 2545.
Total: 20.296300 ms (FindLiveObjects: 1.053900 ms CreateObjectMapping: 0.584800 ms MarkObjects: 17.838800 ms  DeleteObjects: 0.810400 ms)

AssetImportParameters requested are different than current active one (requested -> active):
  custom:framework-win-MediaFoundation: 216162199b28c13a410421893ffa2e32 -> 
  custom:video-decoder-ogg-theora: a1e56fd34408186e4bbccfd4996cb3dc -> 
  custom:container-muxer-webm: aa71ff27fc2769a1b78a27578f13a17b -> 
  custom:container-demuxer-webm: 4f35f7cbe854078d1ac9338744f61a02 -> 
  custom:container-demuxer-ogg: 62fdf1f143b41e24485cea50d1cbac27 -> 
  custom:video-encoder-webm-vp8: eb34c28f22e8b96e1ab97ce403110664 -> 
  custom:video-decoder-webm-vp8: 9c59270c3fd7afecdb556c50c9e8de78 -> 
  custom:audio-decoder-ogg-vorbis: bf7c407c2cedff20999df2af8eb42d56 -> 
  custom:audio-encoder-webm-vorbis: bf7c407c2cedff20999df2af8eb42d56 -> 
========================================================================
Received Prepare
Registering precompiled user dll's ...
Registered in 0.096045 seconds.
Begin MonoManager ReloadAssembly
Native extension for WindowsStandalone target not found
Native extension for WebGL target not found
Refreshing native plugins compatible for Editor in 25.00 ms, found 3 plugins.
Preloading 0 native plugins for Editor in 0.00 ms.
Mono: successfully reloaded assembly
- Completed reload, in 26.058 seconds
Platform modules already initialized, skipping
Switching build target platform(19) subTarget(0) extendedPlatform(0) -> platform(13) subTarget(537395200) extendedPlatform(0)
Refreshing native plugins compatible for Editor in 8.81 ms, found 3 plugins.
Preloading 0 native plugins for Editor in 0.00 ms.
Unloading 2081 Unused Serialized files (Serialized files now loaded: 0)
System memory in use before: 96.0 MB.
System memory in use after: 96.0 MB.

Unloading 21 unused Assets to reduce memory usage. Loaded Objects now: 2549.
Total: 78.705800 ms (FindLiveObjects: 17.454800 ms CreateObjectMapping: 2.906100 ms MarkObjects: 57.516100 ms  DeleteObjects: 0.818700 ms)

AssetImportParameters requested are different than current active one (requested -> active):
  custom:framework-win-MediaFoundation: 216162199b28c13a410421893ffa2e32 -> 
  custom:video-decoder-ogg-theora: a1e56fd34408186e4bbccfd4996cb3dc -> 
  custom:container-muxer-webm: aa71ff27fc2769a1b78a27578f13a17b -> 
  custom:container-demuxer-webm: 4f35f7cbe854078d1ac9338744f61a02 -> 
  custom:container-demuxer-ogg: 62fdf1f143b41e24485cea50d1cbac27 -> 
  custom:video-encoder-webm-vp8: eb34c28f22e8b96e1ab97ce403110664 -> 
  custom:video-decoder-webm-vp8: 9c59270c3fd7afecdb556c50c9e8de78 -> 
  custom:graphics/normal-map-encoding: 01000000000000000000000000000000 -> 02000000000000000000000000000000
  custom:audio-decoder-ogg-vorbis: bf7c407c2cedff20999df2af8eb42d56 -> 
  custom:audio-encoder-webm-vorbis: bf7c407c2cedff20999df2af8eb42d56 -> 
========================================================================
Received Prepare
Refreshing native plugins compatible for Editor in 29.06 ms, found 3 plugins.
Preloading 0 native plugins for Editor in 0.00 ms.
Unloading 19 Unused Serialized files (Serialized files now loaded: 0)
System memory in use before: 55.3 MB.
System memory in use after: 55.3 MB.

Unloading 19 unused Assets to reduce memory usage. Loaded Objects now: 2549.
Total: 28.992700 ms (FindLiveObjects: 1.009300 ms CreateObjectMapping: 0.577100 ms MarkObjects: 26.660500 ms  DeleteObjects: 0.737900 ms)

AssetImportParameters requested are different than current active one (requested -> active):
  custom:framework-win-MediaFoundation: 216162199b28c13a410421893ffa2e32 -> 
  custom:video-decoder-ogg-theora: a1e56fd34408186e4bbccfd4996cb3dc -> 
  custom:container-muxer-webm: aa71ff27fc2769a1b78a27578f13a17b -> 
  custom:container-demuxer-webm: 4f35f7cbe854078d1ac9338744f61a02 -> 
  custom:container-demuxer-ogg: 62fdf1f143b41e24485cea50d1cbac27 -> 
  custom:video-encoder-webm-vp8: eb34c28f22e8b96e1ab97ce403110664 -> 
  custom:video-decoder-webm-vp8: 9c59270c3fd7afecdb556c50c9e8de78 -> 
  custom:audio-decoder-ogg-vorbis: bf7c407c2cedff20999df2af8eb42d56 -> 
  custom:audio-encoder-webm-vorbis: bf7c407c2cedff20999df2af8eb42d56 -> 
========================================================================
Received Prepare
Refreshing native plugins compatible for Editor in 39.64 ms, found 3 plugins.
Preloading 0 native plugins for Editor in 0.00 ms.
Unloading 19 Unused Serialized files (Serialized files now loaded: 0)
System memory in use before: 55.3 MB.
System memory in use after: 55.3 MB.

Unloading 19 unused Assets to reduce memory usage. Loaded Objects now: 2549.
Total: 38.956100 ms (FindLiveObjects: 6.394000 ms CreateObjectMapping: 0.968000 ms MarkObjects: 30.110500 ms  DeleteObjects: 1.473500 ms)

AssetImportParameters requested are different than current active one (requested -> active):
  custom:framework-win-MediaFoundation: 216162199b28c13a410421893ffa2e32 -> 
  custom:video-decoder-ogg-theora: a1e56fd34408186e4bbccfd4996cb3dc -> 
  custom:container-muxer-webm: aa71ff27fc2769a1b78a27578f13a17b -> 
  custom:container-demuxer-webm: 4f35f7cbe854078d1ac9338744f61a02 -> 
  custom:container-demuxer-ogg: 62fdf1f143b41e24485cea50d1cbac27 -> 
  custom:video-encoder-webm-vp8: eb34c28f22e8b96e1ab97ce403110664 -> 
  custom:video-decoder-webm-vp8: 9c59270c3fd7afecdb556c50c9e8de78 -> 
  custom:audio-decoder-ogg-vorbis: bf7c407c2cedff20999df2af8eb42d56 -> 
  custom:audio-encoder-webm-vorbis: bf7c407c2cedff20999df2af8eb42d56 -> 
